0 info it worked if it ends with ok
1 verbose cli [ '/usr/bin/node', '/usr/bin/npm', 'install', 'srftime' ]
2 info using npm@1.4.28
3 info using node@v0.10.36
4 verbose node symlink /usr/bin/node
5 warn package.json g@1.0.2 'repositories' (plural) Not supported. Please pick one as the 'repository' field
6 verbose cache add [ 'srftime', null ]
7 verbose cache add name=undefined spec="srftime" args=["srftime",null]
8 verbose parsed url { protocol: null,
8 verbose parsed url   slashes: null,
8 verbose parsed url   auth: null,
8 verbose parsed url   host: null,
8 verbose parsed url   port: null,
8 verbose parsed url   hostname: null,
8 verbose parsed url   hash: null,
8 verbose parsed url   search: null,
8 verbose parsed url   query: null,
8 verbose parsed url   pathname: 'srftime',
8 verbose parsed url   path: 'srftime',
8 verbose parsed url   href: 'srftime' }
9 silly lockFile f5753305-srftime srftime
10 verbose lock srftime /home/robin/.npm/f5753305-srftime.lock
11 silly lockFile f5753305-srftime srftime
12 silly lockFile f5753305-srftime srftime
13 verbose addNamed [ 'srftime', '' ]
14 verbose addNamed [ null, '*' ]
15 silly lockFile 3664ebfd-srftime srftime@
16 verbose lock srftime@ /home/robin/.npm/3664ebfd-srftime.lock
17 silly addNameRange { name: 'srftime', range: '*', hasData: false }
18 verbose request where is /srftime
19 verbose request registry https://registry.npmjs.org/
20 verbose request id 8d954702968ed682
21 verbose url raw /srftime
22 verbose url resolving [ 'https://registry.npmjs.org/', './srftime' ]
23 verbose url resolved https://registry.npmjs.org/srftime
24 verbose request where is https://registry.npmjs.org/srftime
25 info trying registry request attempt 1 at 19:00:39
26 http GET https://registry.npmjs.org/srftime
27 http 404 https://registry.npmjs.org/srftime
28 verbose headers { date: 'Sat, 21 Feb 2015 18:00:42 GMT',
28 verbose headers   server: 'CouchDB/1.5.0 (Erlang OTP/R16B03)',
28 verbose headers   'content-type': 'application/json',
28 verbose headers   'cache-control': 'max-age=0',
28 verbose headers   'content-length': '52',
28 verbose headers   'accept-ranges': 'bytes',
28 verbose headers   via: '1.1 varnish',
28 verbose headers   age: '0',
28 verbose headers   'x-served-by': 'cache-fra1233-FRA',
28 verbose headers   'x-cache': 'MISS',
28 verbose headers   'x-cache-hits': '0',
28 verbose headers   'x-timer': 'S1424541641.540624,VS0,VE723',
28 verbose headers   'keep-alive': 'timeout=10, max=50',
28 verbose headers   connection: 'Keep-Alive' }
29 silly registry.get cb [ 404,
29 silly registry.get   { date: 'Sat, 21 Feb 2015 18:00:42 GMT',
29 silly registry.get     server: 'CouchDB/1.5.0 (Erlang OTP/R16B03)',
29 silly registry.get     'content-type': 'application/json',
29 silly registry.get     'cache-control': 'max-age=0',
29 silly registry.get     'content-length': '52',
29 silly registry.get     'accept-ranges': 'bytes',
29 silly registry.get     via: '1.1 varnish',
29 silly registry.get     age: '0',
29 silly registry.get     'x-served-by': 'cache-fra1233-FRA',
29 silly registry.get     'x-cache': 'MISS',
29 silly registry.get     'x-cache-hits': '0',
29 silly registry.get     'x-timer': 'S1424541641.540624,VS0,VE723',
29 silly registry.get     'keep-alive': 'timeout=10, max=50',
29 silly registry.get     connection: 'Keep-Alive' } ]
30 silly lockFile 3664ebfd-srftime srftime@
31 silly lockFile 3664ebfd-srftime srftime@
32 error 404 404 Not Found: srftime
32 error 404
32 error 404 'srftime' is not in the npm registry.
32 error 404 You should bug the author to publish it
32 error 404
32 error 404 Note that you can also install from a
32 error 404 tarball, folder, or http url, or git url.
33 error System Linux 3.13.0-45-generic
34 error command "/usr/bin/node" "/usr/bin/npm" "install" "srftime"
35 error cwd /home/robin/dev/node/node-training/learnyounode
36 error node -v v0.10.36
37 error npm -v 1.4.28
38 error code E404
39 verbose exit [ 1, true ]
